<?xml version="1.0" encoding="UTF-8"?>
<testng-results ignored="0" total="1" passed="1" failed="0" skipped="0">
  <reporter-output>
  </reporter-output>
  <suite started-at="2021-10-31T20:06:46 IST" name="Default suite" finished-at="2021-10-31T20:06:54 IST" duration-ms="7837">
    <groups>
    </groups>
    <test started-at="2021-10-31T20:06:46 IST" name="Default test" finished-at="2021-10-31T20:06:54 IST" duration-ms="7837">
      <class name="flipkart.BigBillion">
        <test-method signature="demo()[pri:0, instance:flipkart.BigBillion@793be5ca]" started-at="2021-10-31T20:06:46 IST" name="demo" finished-at="2021-10-31T20:06:54 IST" duration-ms="7797" status="PASS">
          <reporter-output>
          </reporter-output>
        </test-method> <!-- demo -->
      </class> <!-- flipkart.BigBillion -->
    </test> <!-- Default test -->
  </suite> <!-- Default suite -->
</testng-results>
